This is pdfTeX, Version 3.14159265-2.6-1.40.21 (TeX Live 2020) (preloaded format=pdflatex 2020.9.17)  12 MAY 2023 16:38
entering extended mode
 restricted \write18 enabled.
 file:line:error style messages enabled.
 %&-line parsing enabled.
**Letter.tex
(./Letter.tex
LaTeX2e <2020-02-02> patch level 5
L3 programming layer <2020-03-06> (/usr/local/texlive/2020/texmf-dist/tex/latex/koma-script/scrlttr2.cls
Document Class: scrlttr2 2020/01/24 v3.29 KOMA-Script document class (letter)
(/usr/local/texlive/2020/texmf-dist/tex/latex/koma-script/scrkbase.sty
Package: scrkbase 2020/01/24 v3.29 KOMA-Script package (KOMA-Script-dependent basics and keyval usage)
 (/usr/local/texlive/2020/texmf-dist/tex/latex/koma-script/scrbase.sty
Package: scrbase 2020/01/24 v3.29 KOMA-Script package (KOMA-Script-independent basics and keyval usage)
 (/usr/local/texlive/2020/texmf-dist/tex/latex/graphics/keyval.sty
Package: keyval 2014/10/28 v1.15 key=value parser (DPC)
\KV@toks@=\toks15
) (/usr/local/texlive/2020/texmf-dist/tex/latex/koma-script/scrlfile.sty
Package: scrlfile 2020/01/24 v3.29 KOMA-Script package (loading files)
)))
Class scrlttr2 Info: File `scrsize12pt.clo' used instead of
(scrlttr2)           file `scrsize12.clo' to setup font sizes on input line 1885.
 (/usr/local/texlive/2020/texmf-dist/tex/latex/koma-script/scrsize12pt.clo
File: scrsize12pt.clo 2020/01/24 v3.29 KOMA-Script font size class option (12pt)
) (/usr/local/texlive/2020/texmf-dist/tex/latex/koma-script/typearea.sty
Package: typearea 2020/01/24 v3.29 KOMA-Script package (type area)
\ta@bcor=\skip47
\ta@div=\count167
\ta@hblk=\skip48
\ta@vblk=\skip49
\ta@temp=\skip50
\footheight=\skip51
Package typearea Info: These are the values describing the layout:
(typearea)             DIV  = 12
(typearea)             BCOR = 0.0pt
(typearea)             \paperwidth      = 597.50793pt
(typearea)              \textwidth      = 448.13095pt
(typearea)              DIV departure   = -6%
(typearea)              \evensidemargin = 2.4185pt
(typearea)              \oddsidemargin  = 2.4185pt
(typearea)             \paperheight     = 845.04694pt
(typearea)              \textheight     = 635.5pt
(typearea)              \topmargin      = -41.72441pt
(typearea)              \headheight     = 18.125pt
(typearea)              \headsep        = 21.75pt
(typearea)              \topskip        = 12.0pt
(typearea)              \footskip       = 50.75pt
(typearea)              \baselineskip   = 14.5pt
(typearea)              on input line 1719.
)
\c@letter=\count168
)
Class scrlttr2 Info: Letter-Class-Option `DIN' loaded on input line 2.
 (/usr/local/texlive/2020/texmf-dist/tex/latex/koma-script/DIN.lco
File: DIN.lco 2020/01/24 v3.29 KOMA-Script letter-class-option
)
Class scrlttr2 Info: Letter-Class-Option `DIN' loaded on input line 2.
 (/usr/local/texlive/2020/texmf-dist/tex/latex/koma-script/DIN.lco
File: DIN.lco 2020/01/24 v3.29 KOMA-Script letter-class-option
) (/usr/local/texlive/2020/texmf-dist/tex/latex/base/inputenc.sty
Package: inputenc 2018/08/11 v1.3c Input encoding file
\inpenc@prehook=\toks16
\inpenc@posthook=\toks17
 (/usr/local/texlive/2020/texmf-dist/tex/latex/umlaute/mac.def
File: mac.def 2006/01/29 v2.1 Input encoding file (AS)


Package umlaute Warning: Thisinputencodinghasbeensuperseededbythe`applemac'encoding on input line 31.

) (/usr/local/texlive/2020/texmf-dist/tex/latex/base/applemac.def
File: applemac.def 2018/08/11 v1.3c Input encoding file
)) (/usr/local/texlive/2020/texmf-dist/tex/latex/graphics/graphicx.sty
Package: graphicx 2019/11/30 v1.2a Enhanced LaTeX Graphics (DPC,SPQR)
 (/usr/local/texlive/2020/texmf-dist/tex/latex/graphics/graphics.sty
Package: graphics 2019/11/30 v1.4a Standard LaTeX Graphics (DPC,SPQR)
 (/usr/local/texlive/2020/texmf-dist/tex/latex/graphics/trig.sty
Package: trig 2016/01/03 v1.10 sin cos tan (DPC)
) (/usr/local/texlive/2020/texmf-dist/tex/latex/graphics-cfg/graphics.cfg
File: graphics.cfg 2016/06/04 v1.11 sample graphics configuration
)
Package graphics Info: Driver file: pdftex.def on input line 105.
 (/usr/local/texlive/2020/texmf-dist/tex/latex/graphics-def/pdftex.def
File: pdftex.def 2018/01/08 v1.0l Graphics/color driver for pdftex
))
\Gin@req@height=\dimen134
\Gin@req@width=\dimen135
) (/usr/local/texlive/2020/texmf-dist/tex/latex/float/float.sty
Package: float 2001/11/08 v1.3d Float enhancements (AL)
\c@float@type=\count169
\float@exts=\toks18
\float@box=\box45
\@float@everytoks=\toks19
\@floatcapt=\box46
) (/usr/local/texlive/2020/texmf-dist/tex/latex/caption/caption.sty
Package: caption 2020/01/03 v3.4h Customizing captions (AR)
 (/usr/local/texlive/2020/texmf-dist/tex/latex/caption/caption3.sty
Package: caption3 2020/01/03 v1.8h caption3 kernel (AR)
Package caption3 Info: TeX engine: e-TeX on input line 61.
\captionmargin=\dimen136
\captionmargin@=\dimen137
\captionwidth=\dimen138
\caption@tempdima=\dimen139
\caption@indent=\dimen140
\caption@parindent=\dimen141
\caption@hangindent=\dimen142
\abovecaptionskip=\skip52
\belowcaptionskip=\skip53
Package caption Info: Unknown document class (or package),
(caption)             standard defaults will be used.
Package caption Info: \@makecaption = undefined on input line 1082.
)

Package caption Warning: Unknown document class (or package),
(caption)                standard defaults will be used.
See the caption package documentation for explanation.

\c@caption@flags=\count170
\c@continuedfloat=\count171
Package caption Info: float package is loaded.
) (/usr/local/texlive/2020/texmf-dist/tex/generic/babel/babel.sty
Package: babel 2020/03/22 3.42 The Babel package
 (/usr/local/texlive/2020/texmf-dist/tex/generic/babel/switch.def
File: switch.def 2020/03/22 3.42 Babel switching mechanism
) (/usr/local/texlive/2020/texmf-dist/tex/generic/babel-german/ngerman.ldf
Language: ngerman 2018/12/08 v2.11 German support for babel (post-1996 orthography)
 (/usr/local/texlive/2020/texmf-dist/tex/generic/babel-german/ngermanb.ldf
Language: ngermanb 2018/12/08 v2.11 German support for babel (post-1996 orthography)
 (/usr/local/texlive/2020/texmf-dist/tex/generic/babel/babel.def
File: babel.def 2020/03/22 3.42 Babel common definitions
\babel@savecnt=\count172
\U@D=\dimen143
 (/usr/local/texlive/2020/texmf-dist/tex/generic/babel/txtbabel.def)
\bbl@readstream=\read2
\bbl@dirlevel=\count173
)
Package babel Info: Making " an active character on input line 121.
))) (/usr/local/texlive/2020/texmf-dist/tex/latex/hyperref/hyperref.sty
Package: hyperref 2020/01/14 v7.00d Hypertext links for LaTeX
 (/usr/local/texlive/2020/texmf-dist/tex/generic/ltxcmds/ltxcmds.sty
Package: ltxcmds 2019/12/15 v1.24 LaTeX kernel commands for general use (HO)
) (/usr/local/texlive/2020/texmf-dist/tex/generic/iftex/iftex.sty
Package: iftex 2020/03/06 v1.0d TeX engine tests
) (/usr/local/texlive/2020/texmf-dist/tex/latex/pdftexcmds/pdftexcmds.sty
Package: pdftexcmds 2019/11/24 v0.31 Utility functions of pdfTeX for LuaTeX (HO)
 (/usr/local/texlive/2020/texmf-dist/tex/generic/infwarerr/infwarerr.sty
Package: infwarerr 2019/12/03 v1.5 Providing info/warning/error messages (HO)
)
Package pdftexcmds Info: \pdf@primitive is available.
Package pdftexcmds Info: \pdf@ifprimitive is available.
Package pdftexcmds Info: \pdfdraftmode found.
) (/usr/local/texlive/2020/texmf-dist/tex/generic/kvsetkeys/kvsetkeys.sty
Package: kvsetkeys 2019/12/15 v1.18 Key value parser (HO)
) (/usr/local/texlive/2020/texmf-dist/tex/generic/kvdefinekeys/kvdefinekeys.sty
Package: kvdefinekeys 2019-12-19 v1.6 Define keys (HO)
) (/usr/local/texlive/2020/texmf-dist/tex/generic/pdfescape/pdfescape.sty
Package: pdfescape 2019/12/09 v1.15 Implements pdfTeX's escape features (HO)
) (/usr/local/texlive/2020/texmf-dist/tex/latex/hycolor/hycolor.sty
Package: hycolor 2020-01-27 v1.10 Color options for hyperref/bookmark (HO)
) (/usr/local/texlive/2020/texmf-dist/tex/latex/letltxmacro/letltxmacro.sty
Package: letltxmacro 2019/12/03 v1.6 Let assignment for LaTeX macros (HO)
) (/usr/local/texlive/2020/texmf-dist/tex/latex/auxhook/auxhook.sty
Package: auxhook 2019-12-17 v1.6 Hooks for auxiliary files (HO)
) (/usr/local/texlive/2020/texmf-dist/tex/latex/kvoptions/kvoptions.sty
Package: kvoptions 2019/11/29 v3.13 Key value format for package options (HO)
)
\@linkdim=\dimen144
\Hy@linkcounter=\count174
\Hy@pagecounter=\count175
 (/usr/local/texlive/2020/texmf-dist/tex/latex/hyperref/pd1enc.def
File: pd1enc.def 2020/01/14 v7.00d Hyperref: PDFDocEncoding definition (HO)
Now handling font encoding PD1 ...
... no UTF-8 mapping file for font encoding PD1
) (/usr/local/texlive/2020/texmf-dist/tex/generic/intcalc/intcalc.sty
Package: intcalc 2019/12/15 v1.3 Expandable calculations with integers (HO)
) (/usr/local/texlive/2020/texmf-dist/tex/generic/etexcmds/etexcmds.sty
Package: etexcmds 2019/12/15 v1.7 Avoid name clashes with e-TeX commands (HO)
)
\Hy@SavedSpaceFactor=\count176
Package hyperref Info: Hyper figures OFF on input line 4547.
Package hyperref Info: Link nesting OFF on input line 4552.
Package hyperref Info: Hyper index ON on input line 4555.
Package hyperref Info: Plain pages OFF on input line 4562.
Package hyperref Info: Backreferencing OFF on input line 4567.
Package hyperref Info: Implicit mode ON; LaTeX internals redefined.
Package hyperref Info: Bookmarks ON on input line 4800.
\c@Hy@tempcnt=\count177
 (/usr/local/texlive/2020/texmf-dist/tex/latex/url/url.sty
\Urlmuskip=\muskip16
Package: url 2013/09/16  ver 3.4  Verb mode for urls, etc.
)
LaTeX Info: Redefining \url on input line 5159.
\XeTeXLinkMargin=\dimen145
 (/usr/local/texlive/2020/texmf-dist/tex/generic/bitset/bitset.sty
Package: bitset 2019/12/09 v1.3 Handle bit-vector datatype (HO)
 (/usr/local/texlive/2020/texmf-dist/tex/generic/bigintcalc/bigintcalc.sty
Package: bigintcalc 2019/12/15 v1.5 Expandable calculations on big integers (HO)
))
\Fld@menulength=\count178
\Field@Width=\dimen146
\Fld@charsize=\dimen147
Package hyperref Info: Hyper figures OFF on input line 6430.
Package hyperref Info: Link nesting OFF on input line 6435.
Package hyperref Info: Hyper index ON on input line 6438.
Package hyperref Info: backreferencing OFF on input line 6445.
Package hyperref Info: Link coloring OFF on input line 6450.
Package hyperref Info: Link coloring with OCG OFF on input line 6455.
Package hyperref Info: PDF/A mode OFF on input line 6460.
LaTeX Info: Redefining \ref on input line 6500.
LaTeX Info: Redefining \pageref on input line 6504.
 (/usr/local/texlive/2020/texmf-dist/tex/generic/atbegshi/atbegshi.sty
Package: atbegshi 2019/12/05 v1.19 At begin shipout hook (HO)
)
\Hy@abspage=\count179
\c@Item=\count180
\c@Hfootnote=\count181
)
Package hyperref Info: Driver (autodetected): hpdftex.
 (/usr/local/texlive/2020/texmf-dist/tex/latex/hyperref/hpdftex.def
File: hpdftex.def 2020/01/14 v7.00d Hyperref driver for pdfTeX
 (/usr/local/texlive/2020/texmf-dist/tex/latex/atveryend/atveryend.sty
Package: atveryend 2019-12-11 v1.11 Hooks at the very end of document (HO)
Package atveryend Info: \enddocument detected (standard20110627).
)
\Fld@listcount=\count182
\c@bookmark@seq@number=\count183
 (/usr/local/texlive/2020/texmf-dist/tex/latex/rerunfilecheck/rerunfilecheck.sty
Package: rerunfilecheck 2019/12/05 v1.9 Rerun checks for auxiliary files (HO)
 (/usr/local/texlive/2020/texmf-dist/tex/generic/uniquecounter/uniquecounter.sty
Package: uniquecounter 2019/12/15 v1.4 Provide unlimited unique counter (HO)
)
Package uniquecounter Info: New unique counter `rerunfilecheck' on input line 286.
)
\Hy@SectionHShift=\skip54
)
Package hyperref Info: Option `colorlinks' set `true' on input line 14.
\@float@every@figure=\toks20
\c@figure=\count184
(/usr/local/texlive/2020/texmf-dist/tex/latex/l3backend/l3backend-pdfmode.def
File: l3backend-pdfmode.def 2020-03-12 L3 backend support: PDF mode
\l__kernel_color_stack_int=\count185
\l__pdf_internal_box=\box47
)

LaTeX Warning: Unused global option(s):
    [10].

(/Users/gokhale/Documents/Working/phuong/multipleinfections/drafts/AmNat/coverletter/.texpadtmp/Letter.aux)
\openout1 = `Letter.aux'.

LaTeX Font Info:    Checking defaults for OML/cmm/m/it on input line 32.
LaTeX Font Info:    ... okay on input line 32.
LaTeX Font Info:    Checking defaults for OMS/cmsy/m/n on input line 32.
LaTeX Font Info:    ... okay on input line 32.
LaTeX Font Info:    Checking defaults for OT1/cmr/m/n on input line 32.
LaTeX Font Info:    ... okay on input line 32.
LaTeX Font Info:    Checking defaults for T1/cmr/m/n on input line 32.
LaTeX Font Info:    ... okay on input line 32.
LaTeX Font Info:    Checking defaults for TS1/cmr/m/n on input line 32.
LaTeX Font Info:    ... okay on input line 32.
LaTeX Font Info:    Checking defaults for OMX/cmex/m/n on input line 32.
LaTeX Font Info:    ... okay on input line 32.
LaTeX Font Info:    Checking defaults for U/cmr/m/n on input line 32.
LaTeX Font Info:    ... okay on input line 32.
LaTeX Font Info:    Checking defaults for PD1/pdf/m/n on input line 32.
LaTeX Font Info:    ... okay on input line 32.
Class scrlttr2 Info: no date found for language `american'
(scrlttr2)           --> skipped on input line 32.
Class scrlttr2 Info: no date found for language `australian'
(scrlttr2)           --> skipped on input line 32.
Class scrlttr2 Info: no date found for language `british'
(scrlttr2)           --> skipped on input line 32.
Class scrlttr2 Info: no date found for language `canadian'
(scrlttr2)           --> skipped on input line 32.
Class scrlttr2 Info: no date found for language `newzealand'
(scrlttr2)           --> skipped on input line 32.
Class scrlttr2 Info: no date found for language `UKenglish'
(scrlttr2)           --> skipped on input line 32.
Class scrlttr2 Info: no date found for language `ukenglish'
(scrlttr2)           --> skipped on input line 32.
Class scrlttr2 Info: no date found for language `USenglish'
(scrlttr2)           --> skipped on input line 32.
Class scrlttr2 Info: no date found for language `usenglish'
(scrlttr2)           --> skipped on input line 32.
Package scrbase Info: activating ngerman \yourrefname on input line 32.
Package scrbase Info: activating ngerman \yourmailname on input line 32.
Package scrbase Info: activating ngerman \myrefname on input line 32.
Package scrbase Info: activating ngerman \customername on input line 32.
Package scrbase Info: activating ngerman \invoicename on input line 32.
Package scrbase Info: activating ngerman \subjectname on input line 32.
Package scrbase Info: activating ngerman \headfromname on input line 32.
Package scrbase Info: activating ngerman \datename on input line 32.
Package scrbase Info: activating ngerman \phonename on input line 32.
Package scrbase Info: activating ngerman \mobilephonename on input line 32.
Package scrbase Info: activating ngerman \faxname on input line 32.
Package scrbase Info: activating ngerman \emailname on input line 32.
Package scrbase Info: activating ngerman \wwwname on input line 32.
Package scrbase Info: activating ngerman \bankname on input line 32.
Class scrlttr2 Info: no date found for language `german'
(scrlttr2)           --> skipped on input line 32.
Class scrlttr2 Info: no date found for language `austrian'
(scrlttr2)           --> skipped on input line 32.
Class scrlttr2 Info: no date found for language `naustrian'
(scrlttr2)           --> skipped on input line 32.
Class scrlttr2 Info: no date found for language `swissgerman'
(scrlttr2)           --> skipped on input line 32.
Class scrlttr2 Info: no date found for language `nswissgerman'
(scrlttr2)           --> skipped on input line 32.
Class scrlttr2 Info: no date found for language `acadian'
(scrlttr2)           --> skipped on input line 32.
Class scrlttr2 Info: no date found for language `canadien'
(scrlttr2)           --> skipped on input line 32.
Class scrlttr2 Info: no date found for language `francais'
(scrlttr2)           --> skipped on input line 32.
Class scrlttr2 Info: no date found for language `french'
(scrlttr2)           --> skipped on input line 32.
Class scrlttr2 Info: no date found for language `italian'
(scrlttr2)           --> skipped on input line 32.
Class scrlttr2 Info: no date found for language `spanish'
(scrlttr2)           --> skipped on input line 32.
Class scrlttr2 Info: no date found for language `croatian'
(scrlttr2)           --> skipped on input line 32.
Class scrlttr2 Info: no date found for language `dutch'
(scrlttr2)           --> skipped on input line 32.
Class scrlttr2 Info: no date found for language `finnish'
(scrlttr2)           --> skipped on input line 32.
Class scrlttr2 Info: no date found for language `norsk'
(scrlttr2)           --> skipped on input line 32.
Class scrlttr2 Info: no date found for language `swedish'
(scrlttr2)           --> skipped on input line 32.
Class scrlttr2 Info: no date found for language `polish'
(scrlttr2)           --> skipped on input line 32.
Class scrlttr2 Info: no date found for language `czech'
(scrlttr2)           --> skipped on input line 32.
Class scrlttr2 Info: no date found for language `slovak'
(scrlttr2)           --> skipped on input line 32.
Class scrlttr2 Info: trying to activate captions and date
(scrlttr2)           of language `ngerman' on input line 32.
Class scrlttr2 Info: used language is `ngerman'.
(scrlttr2)           Supported languages are: `english', `UKenglish',
(scrlttr2)           `ukenglish', `british', `american', `USenglish',
(scrlttr2)           `usenglish', `australian`,`canadian', `newzealand',
(scrlttr2)           `german', `ngerman', `austrian', `naustrian',
(scrlttr2)           `swissgerman', `nswissgermsn',
(scrlttr2)           `acadian', `canadien', `francais', `french', 
(scrlttr2)           `dutch', `italian', `spanish', `polish',
(scrlttr2)           `croatian', `finnish', `norsk', `swedish',
(scrlttr2)           `czech', `slovak' on input line 32.
 (/usr/local/texlive/2020/texmf-dist/tex/context/base/mkii/supp-pdf.mkii
[Loading MPS to PDF converter (version 2006.09.02).]
\scratchcounter=\count186
\scratchdimen=\dimen148
\scratchbox=\box48
\nofMPsegments=\count187
\nofMParguments=\count188
\everyMPshowfont=\toks21
\MPscratchCnt=\count189
\MPscratchDim=\dimen149
\MPnumerator=\count190
\makeMPintoPDFobject=\count191
\everyMPtoPDFconversion=\toks22
) (/usr/local/texlive/2020/texmf-dist/tex/latex/epstopdf-pkg/epstopdf-base.sty
Package: epstopdf-base 2020-01-24 v2.11 Base part for package epstopdf
Package epstopdf-base Info: Redefining graphics rule for `.eps' on input line 485.
 (/usr/local/texlive/2020/texmf-dist/tex/latex/latexconfig/epstopdf-sys.cfg
File: epstopdf-sys.cfg 2010/07/13 v1.3 Configuration of (r)epstopdf for TeX Live
))
Package caption Info: Begin \AtBeginDocument code.
Package caption Info: hyperref package is loaded.
Package caption Info: End \AtBeginDocument code.
\AtBeginShipoutBox=\box49
 (/usr/local/texlive/2020/texmf-dist/tex/latex/graphics/color.sty
Package: color 2019/11/23 v1.2a Standard LaTeX Color (DPC)
 (/usr/local/texlive/2020/texmf-dist/tex/latex/graphics-cfg/color.cfg
File: color.cfg 2016/01/02 v1.6 sample color configuration
)
Package color Info: Driver file: pdftex.def on input line 147.
)
Package hyperref Info: Link coloring ON on input line 32.
 (/usr/local/texlive/2020/texmf-dist/tex/latex/hyperref/nameref.sty
Package: nameref 2019/09/16 v2.46 Cross-referencing by name of section
 (/usr/local/texlive/2020/texmf-dist/tex/latex/refcount/refcount.sty
Package: refcount 2019/12/15 v3.6 Data extraction from label references (HO)
) (/usr/local/texlive/2020/texmf-dist/tex/generic/gettitlestring/gettitlestring.sty
Package: gettitlestring 2019/12/15 v1.6 Cleanup title references (HO)
)
\c@section@level=\count192
)
LaTeX Info: Redefining \ref on input line 32.
LaTeX Info: Redefining \pageref on input line 32.
LaTeX Info: Redefining \nameref on input line 32.
 (/Users/gokhale/Documents/Working/phuong/multipleinfections/drafts/AmNat/coverletter/.texpadtmp/Letter.out) (/Users/gokhale/Documents/Working/phuong/multipleinfections/drafts/AmNat/coverletter/.texpadtmp/Letter.out)
\@outlinefile=\write3
\openout3 = `Letter.out'.


Foldmarks: yes
Head of first page
<CCTB_Logo.pdf, id=4, 724.41368pt x 244.07285pt>
File: CCTB_Logo.pdf Graphic file (type pdf)
<use CCTB_Logo.pdf>
Package pdftex.def Info: CCTB_Logo.pdf  used on input line 42.
(pdftex.def)             Requested size: 239.05725pt x 80.54428pt.
File: CCTB_Logo.pdf Graphic file (type pdf)
<use CCTB_Logo.pdf>
Package pdftex.def Info: CCTB_Logo.pdf  used on input line 42.
(pdftex.def)             Requested size: 239.05725pt x 80.54428pt.
Foot of first page
Address (backaddress, addressee)
LaTeX Font Info:    External font `cmex10' loaded for size
(Font)              <12> on input line 42.
LaTeX Font Info:    External font `cmex10' loaded for size
(Font)              <8> on input line 42.
LaTeX Font Info:    External font `cmex10' loaded for size
(Font)              <6> on input line 42.

Overfull \hbox (53.79456pt too wide) in paragraph at lines 42--42
$[]$ 
 []


Overfull \hbox (53.79456pt too wide) in paragraph at lines 42--42
$[]$ 
 []


Overfull \hbox (53.79456pt too wide) in paragraph at lines 42--42
$[]$ 
 []

Location field: empty
Title: no
Subject: before opening

Underfull \hbox (badness 10000) in paragraph at lines 42--42

 []

[1



{/usr/local/texlive/2020/texmf-var/fonts/map/pdftex/updmap/pdftex.map} <./CCTB_Logo.pdf, page is rotated 90 degrees>]
Underfull \hbox (badness 10000) in paragraph at lines 77--82

 []


Underfull \hbox (badness 10000) in paragraph at lines 77--82

 []


Underfull \hbox (badness 10000) in paragraph at lines 77--82

 []

[2]
Package atveryend Info: Empty hook `BeforeClearDocument' on input line 85.
Package atveryend Info: Empty hook `AfterLastShipout' on input line 85.
 (/Users/gokhale/Documents/Working/phuong/multipleinfections/drafts/AmNat/coverletter/.texpadtmp/Letter.aux)
Package atveryend Info: Executing hook `AtVeryEndDocument' on input line 85.
Package atveryend Info: Executing hook `AtEndAfterFileList' on input line 85.
Package rerunfilecheck Info: File `Letter.out' has not changed.
(rerunfilecheck)             Checksum: D41D8CD98F00B204E9800998ECF8427E;0.
Package atveryend Info: Empty hook `AtVeryVeryEnd' on input line 85.
 ) 
Here is how much of TeX's memory you used:
 8536 strings out of 480608
 140034 string characters out of 5903630
 495533 words of memory out of 5000000
 24284 multiletter control sequences out of 15000+600000
 535988 words of font info for 36 fonts, out of 8000000 for 9000
 1141 hyphenation exceptions out of 8191
 43i,10n,52p,277b,447s stack positions out of 5000i,500n,10000p,200000b,80000s
</usr/local/texlive/2020/texmf-dist/fonts/type1/public/amsfonts/cm/cmbx12.pfb></usr/local/texlive/2020/texmf-dist/fonts/type1/public/amsfonts/cm/cmmi12.pfb></usr/local/texlive/2020/texmf-dist/fonts/type1/public/amsfonts/cm/cmr12.pfb></usr/local/texlive/2020/texmf-dist/fonts/type1/public/amsfonts/cm/cmr8.pfb></usr/local/texlive/2020/texmf-dist/fonts/type1/public/amsfonts/cm/cmss12.pfb></usr/local/texlive/2020/texmf-dist/fonts/type1/public/amsfonts/cm/cmss8.pfb>
Output written on /Users/gokhale/Documents/Working/phuong/multipleinfections/drafts/AmNat/coverletter/.texpadtmp/Letter.pdf (2 pages, 125536 bytes).
PDF statistics:
 47 PDF objects out of 1000 (max. 8388607)
 33 compressed objects within 1 object stream
 4 named destinations out of 1000 (max. 500000)
 6 words of extra memory for PDF output out of 10000 (max. 10000000)

